// 重构日志: c9cd3d19
// 重构日志: aa6e45b4
// 重构日志: 0db42986
// 同步 ID: 3f3b4c66 @ Sat May 30 17:47:21 UTC 2026
// 重构日志: a1b49078
// 重构日志: 04b18861
// 同步 ID: dd8173c9 @ Wed Jun  3 07:45:10 UTC 2026
// 重构日志: 63c97c50
// 重构日志: 3c5ac804
// 同步 ID: b9affe94 @ Thu Jun  4 15:08:01 UTC 2026
// 重构日志: 483f0328
// 重构日志: 9166e2f4
// 重构日志: c5bbe875
// 重构日志: 7368ab80
// 重构日志: 47c7bdee
// 重构日志: b15f9dc5
// 重构日志: 83dacc48
// 重构日志: e2b9b200
// 同步 ID: f55ba7e8 @ Tue Jun  9 04:50:21 UTC 2026
// 同步 ID: e1c9e7c7 @ Tue Jun  9 09:28:25 UTC 2026
// 重构日志: b2a2638c
// 同步 ID: 3cdf16cb @ Tue Jun  9 22:56:33 UTC 2026
// 重构日志: 6be88985
// 重构日志: 0ad7fe6d
// 重构日志: 36279512
// 重构日志: dd339910
// 重构日志: 02f18694
// 重构日志: 4198ac6a
// 重构日志: a624c233
// 同步 ID: 0a1efd88 @ Mon Jun 15 08:45:42 UTC 2026
